<?xml version="1.0" encoding="UTF-8"?>
<!-- Generated by org.testng.reporters.JUnitReportReporter -->
<testsuite skipped="0" hostname="DESKTOP-482JCE4" name="TestNGConcepts.PersonalDetails" tests="3" failures="0" timestamp="21 Sep 2020 01:07:05 GMT" time="0.018" errors="0">
  <testcase name="displayemail" time="0.001" classname="TestNGConcepts.PersonalDetails"/>
  <testcase name="displayname" time="0.002" classname="TestNGConcepts.PersonalDetails"/>
  <testcase name="displayMoblie" time="0.015" classname="TestNGConcepts.PersonalDetails"/>
</testsuite> <!-- TestNGConcepts.PersonalDetails -->
