<?xml version="1.0" encoding="UTF-8"?>
<!-- Generated by org.testng.reporters.JUnitReportReporter -->
<testsuite skipped="0" hostname="DESKTOP-482JCE4" name="TestNGConcepts.PropertiesConcept" tests="1" failures="0" timestamp="22 Sep 2020 15:15:51 GMT" time="13.473" errors="0">
  <testcase name="login" time="13.473" classname="TestNGConcepts.PropertiesConcept"/>
</testsuite> <!-- TestNGConcepts.PropertiesConcept -->
