<?xml version="1.0" encoding="UTF-8"?>
<!-- Generated by org.testng.reporters.JUnitReportReporter -->
<testsuite skipped="0" hostname="DESKTOP-482JCE4" name="TestNGConcepts.Priorities" tests="3" failures="0" timestamp="21 Sep 2020 01:25:54 GMT" time="0.040" errors="0">
  <testcase name="login" time="0.034" classname="TestNGConcepts.Priorities"/>
  <testcase name="search" time="0.003" classname="TestNGConcepts.Priorities"/>
  <testcase name="logout" time="0.003" classname="TestNGConcepts.Priorities"/>
</testsuite> <!-- TestNGConcepts.Priorities -->
