<?xml version="1.0" encoding="UTF-8"?>
<!-- Generated by org.testng.reporters.JUnitReportReporter -->
<testsuite skipped="0" hostname="DESKTOP-482JCE4" name="TestNGConcepts.Differentannotations" tests="2" failures="0" timestamp="22 Sep 2020 16:55:23 GMT" time="0.015" errors="0">
  <testcase name="cancelticket" time="0.000" classname="TestNGConcepts.Differentannotations"/>
  <testcase name="bookticket" time="0.015" classname="TestNGConcepts.Differentannotations"/>
</testsuite> <!-- TestNGConcepts.Differentannotations -->
