<?xml version="1.0" encoding="UTF-8"?>
<!-- Generated by org.testng.reporters.JUnitReportReporter -->
<testsuite skipped="0" hostname="DESKTOP-482JCE4" name="TestNGConcepts.VerifyGoogleApp" tests="1" failures="0" timestamp="21 Sep 2020 01:07:05 GMT" time="10.261" errors="0">
  <testcase name="launchapp" time="10.261" classname="TestNGConcepts.VerifyGoogleApp"/>
</testsuite> <!-- TestNGConcepts.VerifyGoogleApp -->
